<?xml version="1.0" encoding="UTF-8" ?>
<testsuite errors="0" failures="0" hostname="LAPTOP-B9HJ9VCK" name="Test.BuildingTest" skipped="0" tests="1" time="0.105" timestamp="2024-03-21T19:27:52">
  <properties>
    <property name="java.vendor" value="Oracle Corporation" />
    <property name="sun.java.launcher" value="SUN_STANDARD" />
    <property name="sun.management.compiler" value="HotSpot 64-Bit Tiered Compilers" />
    <property name="os.name" value="Windows 11" />
    <property name="java.vm.specification.vendor" value="Oracle Corporation" />
    <property name="ant.home" value="C:\Program Files\ApacheAnt\apache-ant-1.9.16" />
    <property name="java.runtime.version" value="21.0.2+13-LTS-58" />
    <property name="user.name" value="elian" />
    <property name="build.dir" value="build" />
    <property name="output.file" value="output/output.txt" />
    <property name="stdout.encoding" value="Cp1252" />
    <property name="user.language" value="en" />
    <property name="sun.boot.library.path" value="C:\Program Files\Java\Java 21\jdk-21.0.2\bin" />
    <property name="doc.dir" value="doc" />
    <property name="ant.project.name" value="exploration" />
    <property name="java.vm.compressedOopsMode" value="32-bit" />
    <property name="java.version" value="21.0.2" />
    <property name="sun.arch.data.model" value="64" />
    <property name="sun.cpu.isalist" value="amd64" />
    <property name="sun.jnu.encoding" value="Cp1252" />
    <property name="file.separator" value="\" />
    <property name="java.specification.name" value="Java Platform API Specification" />
    <property name="java.class.version" value="65.0" />
    <property name="user.country" value="US" />
    <property name="java.home" value="C:\Program Files\Java\Java 21\jdk-21.0.2" />
    <property name="java.vm.info" value="mixed mode, sharing" />
    <property name="ant.file" value="C:\Users\elian\OneDrive\Documents\Classes\CSDS293 Software Crafsmanship\Shortest Path Project\exploration\build.xml" />
    <property name="os.version" value="10.0" />
    <property name="path.separator" value=";" />
    <property name="java.vm.version" value="21.0.2+13-LTS-58" />
    <property name="report.dir" value="report" />
    <property name="user.variant" value="" />
    <property name="ant.library.dir" value="C:\Program Files\ApacheAnt\apache-ant-1.9.16\lib" />
    <property name="output.dir" value="output" />
    <property name="stderr.encoding" value="Cp1252" />
    <property name="sun.io.unicode.encoding" value="UnicodeLittle" />
    <property name="_jacoco.agentFile" value="C:\Users\elian\AppData\Local\Temp\jacocoagent462011984324099692.jar" />
    <property name="user.script" value="" />
    <property name="user.home" value="C:\Users\elian" />
    <property name="java.version.date" value="2024-01-16" />
    <property name="java.specification.vendor" value="Oracle Corporation" />
    <property name="junit.dir" value="report/junit" />
    <property name="java.library.path" value="C:\Program Files\Java\Java 21\jdk-21.0.2\bin;C:\WINDOWS\Sun\Java\bin;C:\WINDOWS\system32;C:\WINDOWS;C:\Python312\Scripts\;C:\Python312\;C:\Program Files\Java\Java 21\jdk-21.0.2;C:\Program Files\Common Files\Oracle\Java\javapath;C:\Windows\system32;C:\Windows;C:\Windows\System32\Wbem;C:\Windows\System32\WindowsPowerShell\v1.0\;C:\Windows\System32\OpenSSH\;C:\Program Files (x86)\NVIDIA Corporation\PhysX\Common;C:\Program Files\NVIDIA Corporation\NVIDIA NvDLISR;C:\WINDOWS\system32;C:\WINDOWS;C:\WINDOWS\System32\Wbem;C:\WINDOWS\System32\WindowsPowerShell\v1.0\;C:\WINDOWS\System32\OpenSSH\;C:\Program Files\Git\cmd;C:\ProgramData\chocolatey\bin;C:\Program Files\nodejs\;C:\Program Files (x86)\Windows Kits\10\Windows Performance Toolkit\;C:\Program Files\Java\Java 21\jdk-21.0.2\bin;C:\Program Files\ApacheAnt\apache-ant-1.9.16\bin;C:\Users\elian\AppData\Local\Programs\Eclipse Adoptium\jdk-17.0.10.7-hotspot\bin;C:\Users\elian\AppData\Local\Microsoft\WindowsApps;C:\Users\elian\AppData\Local\Programs\Microsoft VS Code\bin;C:\modelsim_ase\win32aloem;C:\Program Files\JetBrains\IntelliJ IDEA Community Edition 2023.3.4\bin;C:\Users\elian\AppData\Roaming\npm;C:\Program Files\msys2\ucrt64\bin;C:\Users\elian\AppData\Local\atom\bin;;." />
    <property name="java.vendor.url" value="https://java.oracle.com/" />
    <property name="ant.file.exploration" value="C:\Users\elian\OneDrive\Documents\Classes\CSDS293 Software Crafsmanship\Shortest Path Project\exploration\build.xml" />
    <property name="java.vm.vendor" value="Oracle Corporation" />
    <property name="java.runtime.name" value="Java(TM) SE Runtime Environment" />
    <property name="sun.java.command" value="org.apache.tools.ant.taskdefs.optional.junit.JUnitTestRunner Test.BuildingTest skipNonTests=false filtertrace=false haltOnError=false haltOnFailure=false formatter=org.apache.tools.ant.taskdefs.optional.junit.OutErrSummaryJUnitResultFormatter showoutput=false outputtoformatters=true logfailedtests=true threadid=0 logtestlistenerevents=false formatter=org.apache.tools.ant.taskdefs.optional.junit.XMLJUnitResultFormatter,C:\Users\elian\OneDrive\Documents\Classes\CSDS293 Software Crafsmanship\Shortest Path Project\exploration\report\junit\TEST-Test.BuildingTest.xml crashfile=C:\Users\elian\OneDrive\Documents\Classes\CSDS293 Software Crafsmanship\Shortest Path Project\exploration\junitvmwatcher15542055151920805980.properties propsfile=C:\Users\elian\OneDrive\Documents\Classes\CSDS293 Software Crafsmanship\Shortest Path Project\exploration\junit5697152647446784913.properties" />
    <property name="java.class.path" value="C:\Program Files\ApacheAnt\apache-ant-1.9.16\lib\hamcrest-2.2.jar;C:\Users\elian\OneDrive\Documents\Classes\CSDS293 Software Crafsmanship\Shortest Path Project\exploration\build;C:\Program Files\ApacheAnt\apache-ant-1.9.16\lib\junit-4.13.jar;C:\Program Files\ApacheAnt\apache-ant-1.9.16\lib\ant-launcher.jar;C:\Program Files\ApacheAnt\apache-ant-1.9.16\lib\ant.jar;C:\Program Files\ApacheAnt\apache-ant-1.9.16\lib\ant-junit.jar;C:\Program Files\ApacheAnt\apache-ant-1.9.16\lib\ant-junit4.jar" />
    <property name="ant.version" value="Apache Ant(TM) version 1.9.16 compiled on July 10 2021" />
    <property name="jacoco.file" value="report/jacoco/jacoco.exec" />
    <property name="native.encoding" value="Cp1252" />
    <property name="jdk.debug" value="release" />
    <property name="error.file" value="output/error.txt" />
    <property name="java.vm.specification.name" value="Java Virtual Machine Specification" />
    <property name="ant.file.type" value="file" />
    <property name="java.vm.specification.version" value="21" />
    <property name="sun.cpu.endian" value="little" />
    <property name="sun.os.patch.level" value="" />
    <property name="ant.file.type.exploration" value="file" />
    <property name="java.io.tmpdir" value="C:\Users\elian\AppData\Local\Temp\" />
    <property name="java.vendor.url.bug" value="https://bugreport.java.com/bugreport/" />
    <property name="os.arch" value="amd64" />
    <property name="user.dir" value="C:\Users\elian\OneDrive\Documents\Classes\CSDS293 Software Crafsmanship\Shortest Path Project\exploration" />
    <property name="jacoco.dir" value="report/jacoco" />
    <property name="line.separator" value="&#xd;&#xa;" />
    <property name="java.vm.name" value="Java HotSpot(TM) 64-Bit Server VM" />
    <property name="basedir" value="C:\Users\elian\OneDrive\Documents\Classes\CSDS293 Software Crafsmanship\Shortest Path Project\exploration" />
    <property name="ant.java.version" value="21" />
    <property name="ant.core.lib" value="C:\Program Files\ApacheAnt\apache-ant-1.9.16\lib\ant.jar" />
    <property name="file.encoding" value="UTF-8" />
    <property name="java.specification.version" value="21" />
    <property name="src.dir" value="src" />
    <property name="ant.project.invoked-targets" value="report" />
  </properties>
  <testcase classname="Test.BuildingTest" name="testShortestPath" time="0.016" />
  <system-out><![CDATA[]]></system-out>
  <system-err><![CDATA[]]></system-err>
</testsuite>
